<?xml version="1.0" encoding="utf-8"?><testsuites name="pytest tests"><testsuite name="pytest" errors="0" failures="0" skipped="0" tests="5" time="0.434" timestamp="2026-02-12T23:16:58.167539+00:00" hostname="agent-env-e6ab996d-2f9b-4776-a43a-76019f061a86"><testcase classname="tests.test_alive_indicators" name="test_health_endpoint_structure" time="0.094" /><testcase classname="tests.test_alive_indicators" name="test_metrics_endpoint_structure" time="0.046" /><testcase classname="tests.test_alive_indicators" name="test_enable_autonomous_mode" time="0.040" /><testcase classname="tests.test_alive_indicators" name="test_db_connectivity" time="0.088" /><testcase classname="tests.test_alive_indicators" name="test_disable_autonomous_mode" time="0.070" /></testsuite></testsuites>