<?xml version="1.0" encoding="utf-8"?><testsuites name="pytest tests"><testsuite name="pytest" errors="0" failures="0" skipped="0" tests="25" time="3.174" timestamp="2026-02-12T18:17:14.787986+00:00" hostname="agent-env-805dcb85-d7c3-458f-b722-c42536add587"><testcase classname="tests.test_kalshi_settings.TestSettingsEndpoint" name="test_get_settings_returns_200" time="0.165" /><testcase classname="tests.test_kalshi_settings.TestSettingsEndpoint" name="test_get_settings_includes_kalshi_section" time="0.112" /><testcase classname="tests.test_kalshi_settings.TestSettingsEndpoint" name="test_get_settings_paper_trading_default" time="0.074" /><testcase classname="tests.test_kalshi_settings.TestKalshiKeysEndpoint" name="test_get_kalshi_keys_no_credentials" time="0.070" /><testcase classname="tests.test_kalshi_settings.TestKalshiKeysEndpoint" name="test_save_kalshi_keys" time="0.074" /><testcase classname="tests.test_kalshi_settings.TestKalshiKeysEndpoint" name="test_save_kalshi_keys_empty_fails" time="0.071" /><testcase classname="tests.test_kalshi_settings.TestKalshiKeysEndpoint" name="test_get_kalshi_keys_after_save" time="0.080" /><testcase classname="tests.test_kalshi_settings.TestKalshiKeysEndpoint" name="test_delete_kalshi_keys" time="0.130" /><testcase classname="tests.test_kalshi_settings.TestKalshiValidation" name="test_validate_no_credentials" time="0.076" /><testcase classname="tests.test_kalshi_settings.TestKalshiValidation" name="test_validate_invalid_credentials" time="0.287" /><testcase classname="tests.test_kalshi_settings.TestGuardrailsEndpoint" name="test_get_guardrails" time="0.112" /><testcase classname="tests.test_kalshi_settings.TestGuardrailsEndpoint" name="test_update_guardrails" time="0.069" /><testcase classname="tests.test_kalshi_settings.TestGuardrailsEndpoint" name="test_get_guardrails_after_update" time="0.081" /><testcase classname="tests.test_kalshi_settings.TestKillSwitch" name="test_activate_kill_switch" time="0.115" /><testcase classname="tests.test_kalshi_settings.TestKillSwitch" name="test_kill_switch_blocks_live_trading" time="0.083" /><testcase classname="tests.test_kalshi_settings.TestKillSwitch" name="test_deactivate_kill_switch" time="0.130" /><testcase classname="tests.test_kalshi_settings.TestLiveTradingControl" name="test_enable_live_trading_without_confirmation" time="0.067" /><testcase classname="tests.test_kalshi_settings.TestLiveTradingControl" name="test_enable_live_trading_no_credentials" time="0.076" /><testcase classname="tests.test_kalshi_settings.TestLiveTradingControl" name="test_enable_live_trading_invalid_credentials" time="0.117" /><testcase classname="tests.test_kalshi_settings.TestLiveTradingControl" name="test_disable_live_trading" time="0.069" /><testcase classname="tests.test_kalshi_settings.TestAuditLog" name="test_get_audit_log" time="0.128" /><testcase classname="tests.test_kalshi_settings.TestAuditLog" name="test_audit_log_records_events" time="0.535" /><testcase classname="tests.test_kalshi_settings.TestRootEndpointTradingMode" name="test_root_shows_paper_mode" time="0.072" /><testcase classname="tests.test_kalshi_settings.TestHealthEndpointKalshi" name="test_health_includes_kalshi_integration" time="0.070" /><testcase classname="tests.test_kalshi_settings.TestHealthEndpointKalshi" name="test_health_shows_paper_trading_metrics" time="0.113" /></testsuite></testsuites>