<?xml version="1.0" encoding="utf-8"?><testsuites name="pytest tests"><testsuite name="pytest" errors="0" failures="0" skipped="0" tests="24" time="2.171" timestamp="2026-02-12T17:22:54.120600+00:00" hostname="agent-env-c6efebde-c1fa-4c07-84fc-5a1e87c81577"><testcase classname="backend.tests.test_predictpod_api.TestHealthAndStatus" name="test_health_endpoint" time="0.091" /><testcase classname="backend.tests.test_predictpod_api.TestHealthAndStatus" name="test_root_endpoint" time="0.038" /><testcase classname="backend.tests.test_predictpod_api.TestGamesAPI" name="test_get_games_returns_data" time="0.056" /><testcase classname="backend.tests.test_predictpod_api.TestGamesAPI" name="test_game_has_required_fields" time="0.054" /><testcase classname="backend.tests.test_predictpod_api.TestGamesAPI" name="test_probability_is_dynamic_not_static_50" time="0.059" /><testcase classname="backend.tests.test_predictpod_api.TestGamesAPI" name="test_signal_score_is_composite_0_to_100" time="0.053" /><testcase classname="backend.tests.test_predictpod_api.TestGamesAPI" name="test_signal_has_portfolio_aware_actions" time="0.058" /><testcase classname="backend.tests.test_predictpod_api.TestGamesAPI" name="test_games_filter_by_status" time="0.055" /><testcase classname="backend.tests.test_predictpod_api.TestGameDetailAPI" name="test_get_game_detail" time="0.132" /><testcase classname="backend.tests.test_predictpod_api.TestGameDetailAPI" name="test_game_detail_has_signal_analytics" time="0.111" /><testcase classname="backend.tests.test_predictpod_api.TestGameDetailAPI" name="test_game_detail_has_intelligence_panel_data" time="0.113" /><testcase classname="backend.tests.test_predictpod_api.TestGameDetailAPI" name="test_game_detail_has_probability_history_for_charts" time="0.116" /><testcase classname="backend.tests.test_predictpod_api.TestGameDetailAPI" name="test_game_not_found_returns_404" time="0.056" /><testcase classname="backend.tests.test_predictpod_api.TestChartDataAPI" name="test_get_chart_data_full" time="0.125" /><testcase classname="backend.tests.test_predictpod_api.TestChartDataAPI" name="test_chart_data_probability_structure" time="0.132" /><testcase classname="backend.tests.test_predictpod_api.TestChartDataAPI" name="test_chart_data_volatility_structure" time="0.123" /><testcase classname="backend.tests.test_predictpod_api.TestChartDataAPI" name="test_chart_data_timeframe_filter" time="0.099" /><testcase classname="backend.tests.test_predictpod_api.TestPortfolioAPI" name="test_get_portfolio_summary" time="0.081" /><testcase classname="backend.tests.test_predictpod_api.TestPortfolioAPI" name="test_get_positions" time="0.040" /><testcase classname="backend.tests.test_predictpod_api.TestRiskAPI" name="test_get_risk_status" time="0.080" /><testcase classname="backend.tests.test_predictpod_api.TestMarketIntelligenceAPI" name="test_get_market_intelligence" time="0.102" /><testcase classname="backend.tests.test_predictpod_api.TestSettingsAPI" name="test_get_settings" time="0.035" /><testcase classname="backend.tests.test_predictpod_api.TestTradingAPI" name="test_place_paper_trade" time="0.116" /><testcase classname="backend.tests.test_predictpod_api.TestTradingAPI" name="test_get_trades_history" time="0.042" /></testsuite></testsuites>