<?xml version="1.0" encoding="utf-8"?><testsuites name="pytest tests"><testsuite name="pytest" errors="0" failures="0" skipped="0" tests="41" time="68.521" timestamp="2026-02-12T22:21:50.245179+00:00" hostname="agent-env-65c36cd4-ea2a-46c0-8b1c-ca003677ecdf"><testcase classname="tests.test_release_gate.TestMultiModelEngineReleaseGate" name="test_a1_each_strategy_has_independent_capital" time="0.066" /><testcase classname="tests.test_release_gate.TestMultiModelEngineReleaseGate" name="test_a2_each_strategy_has_independent_portfolio" time="0.039" /><testcase classname="tests.test_release_gate.TestMultiModelEngineReleaseGate" name="test_a3_strategies_have_different_config" time="0.040" /><testcase classname="tests.test_release_gate.TestMultiModelEngineReleaseGate" name="test_a4_get_individual_strategy_details" time="0.115" /><testcase classname="tests.test_release_gate.TestMultiModelEngineReleaseGate" name="test_a5_no_cross_contamination_check" time="0.037" /><testcase classname="tests.test_release_gate.TestMultiModelEngineReleaseGate" name="test_b1_idempotency_key_prevents_duplicates" time="0.079" /><testcase classname="tests.test_release_gate.TestMultiModelEngineReleaseGate" name="test_b2_order_requires_idempotency_key" time="0.044" /><testcase classname="tests.test_release_gate.TestMultiModelEngineReleaseGate" name="test_c1_order_states_exist" time="0.043" /><testcase classname="tests.test_release_gate.TestMultiModelEngineReleaseGate" name="test_c2_sandbox_status_shows_paper_mode" time="0.035" /><testcase classname="tests.test_release_gate.TestMultiModelEngineReleaseGate" name="test_c3_reconciliation_endpoint_works" time="0.064" /><testcase classname="tests.test_release_gate.TestMultiModelEngineReleaseGate" name="test_d1_guardrails_endpoint_exists" time="0.038" /><testcase classname="tests.test_release_gate.TestMultiModelEngineReleaseGate" name="test_d2_order_preview_checks_guardrails" time="0.039" /><testcase classname="tests.test_release_gate.TestMultiModelEngineReleaseGate" name="test_d3_capital_deployment_modes" time="0.077" /><testcase classname="tests.test_release_gate.TestMultiModelEngineReleaseGate" name="test_d4_strategy_risk_limits_per_model" time="0.112" /><testcase classname="tests.test_release_gate.TestMultiModelEngineReleaseGate" name="test_e1_kill_switch_activation" time="0.070" /><testcase classname="tests.test_release_gate.TestMultiModelEngineReleaseGate" name="test_e2_kill_switch_deactivation" time="0.075" /><testcase classname="tests.test_release_gate.TestMultiModelEngineReleaseGate" name="test_e3_admin_kill_switch_works" time="0.075" /><testcase classname="tests.test_release_gate.TestMultiModelEngineReleaseGate" name="test_f1_pnl_calculation_integrity" time="0.036" /><testcase classname="tests.test_release_gate.TestMultiModelEngineReleaseGate" name="test_f2_portfolio_value_calculation" time="0.032" /><testcase classname="tests.test_release_gate.TestRulesTransparencyReleaseGate" name="test_g1_rule_chips_exist_per_strategy" time="0.114" /><testcase classname="tests.test_release_gate.TestRulesTransparencyReleaseGate" name="test_g2_rule_chips_have_correct_values" time="0.037" /><testcase classname="tests.test_release_gate.TestRulesTransparencyReleaseGate" name="test_g3_different_chips_per_model" time="0.109" /><testcase classname="tests.test_release_gate.TestRulesTransparencyReleaseGate" name="test_h1_rules_summary_generated" time="0.106" /><testcase classname="tests.test_release_gate.TestRulesTransparencyReleaseGate" name="test_h2_rules_config_json_available" time="0.110" /><testcase classname="tests.test_release_gate.TestRulesTransparencyReleaseGate" name="test_h3_version_history_available" time="0.111" /><testcase classname="tests.test_release_gate.TestRulesTransparencyReleaseGate" name="test_h4_rollback_endpoint_exists" time="0.078" /><testcase classname="tests.test_release_gate.TestRulesTransparencyReleaseGate" name="test_i1_decision_log_available" time="0.130" /><testcase classname="tests.test_release_gate.TestRulesTransparencyReleaseGate" name="test_i2_decision_includes_values" time="0.036" /><testcase classname="tests.test_release_gate.TestAutoTunerValidation" name="test_j1_tuner_status_endpoint" time="0.035" /><testcase classname="tests.test_release_gate.TestAutoTunerValidation" name="test_j2_tuner_proposals_endpoint" time="0.034" /><testcase classname="tests.test_release_gate.TestAutoTunerValidation" name="test_j3_tuner_can_be_triggered" time="0.046" /><testcase classname="tests.test_release_gate.TestAutoTunerValidation" name="test_k1_tuner_settings_have_bounds" time="0.041" /><testcase classname="tests.test_release_gate.TestAutoTunerValidation" name="test_k2_tuner_modes_exist" time="0.033" /><testcase classname="tests.test_release_gate.TestAutoTunerValidation" name="test_l1_daily_report_endpoint_exists" time="0.076" /><testcase classname="tests.test_release_gate.TestAutoTunerValidation" name="test_l2_tuner_report_file_created" time="2.102" /><testcase classname="tests.test_release_gate.TestAutoTunerValidation" name="test_m1_proposal_apply_endpoint_exists" time="0.039" /><testcase classname="tests.test_release_gate.TestAutoTunerValidation" name="test_m2_proposal_reject_endpoint_exists" time="27.651" /><testcase classname="tests.test_release_gate.TestAutoTunerValidation" name="test_m3_tuner_settings_can_be_updated" time="0.096" /><testcase classname="tests.test_release_gate.TestIntegrationFlow" name="test_full_strategy_summary_flow" time="0.039" /><testcase classname="tests.test_release_gate.TestIntegrationFlow" name="test_full_rules_transparency_flow" time="0.076" /><testcase classname="tests.test_release_gate.TestIntegrationFlow" name="test_kill_switch_drill_full_cycle" time="36.192" /></testsuite></testsuites>