<?xml version="1.0" encoding="utf-8"?><testsuites name="pytest tests"><testsuite name="pytest" errors="0" failures="0" skipped="4" tests="44" time="2.216" timestamp="2026-02-12T18:39:04.975070+00:00" hostname="agent-env-805dcb85-d7c3-458f-b722-c42536add587"><testcase classname="backend.tests.test_sandbox_order_lifecycle.TestSandboxStatus" name="test_sandbox_status_returns_200" time="0.118" /><testcase classname="backend.tests.test_sandbox_order_lifecycle.TestSandboxStatus" name="test_sandbox_status_fields" time="0.062" /><testcase classname="backend.tests.test_sandbox_order_lifecycle.TestSandboxStatus" name="test_sandbox_is_simulation_mode" time="0.063" /><testcase classname="backend.tests.test_sandbox_order_lifecycle.TestCapitalDeploymentGet" name="test_capital_deployment_returns_200" time="0.062" /><testcase classname="backend.tests.test_sandbox_order_lifecycle.TestCapitalDeploymentGet" name="test_capital_deployment_conservative_default" time="0.060" /><testcase classname="backend.tests.test_sandbox_order_lifecycle.TestCapitalDeploymentGet" name="test_capital_deployment_conservative_limits" time="0.067" /><testcase classname="backend.tests.test_sandbox_order_lifecycle.TestCapitalDeploymentGet" name="test_capital_deployment_all_fields" time="0.017" /><testcase classname="backend.tests.test_sandbox_order_lifecycle.TestCapitalDeploymentSet" name="test_set_normal_mode" time="0.058" /><testcase classname="backend.tests.test_sandbox_order_lifecycle.TestCapitalDeploymentSet" name="test_aggressive_without_confirmation_rejected" time="0.018" /><testcase classname="backend.tests.test_sandbox_order_lifecycle.TestCapitalDeploymentSet" name="test_aggressive_with_confirmed_only_rejected" time="0.058" /><testcase classname="backend.tests.test_sandbox_order_lifecycle.TestCapitalDeploymentSet" name="test_aggressive_with_full_confirmation" time="0.017" /><testcase classname="backend.tests.test_sandbox_order_lifecycle.TestCapitalDeploymentSet" name="test_invalid_mode_rejected" time="0.059" /><testcase classname="backend.tests.test_sandbox_order_lifecycle.TestOrderPreview" name="test_preview_returns_200" time="0.019" /><testcase classname="backend.tests.test_sandbox_order_lifecycle.TestOrderPreview" name="test_preview_within_limits_passes" time="0.062" /><testcase classname="backend.tests.test_sandbox_order_lifecycle.TestOrderPreview" name="test_preview_exceeds_trade_size_blocked" time="0.059" /><testcase classname="backend.tests.test_sandbox_order_lifecycle.TestOrderPreview" name="test_preview_exceeds_exposure_blocked" time="0.018" /><testcase classname="backend.tests.test_sandbox_order_lifecycle.TestOrderPreview" name="test_preview_liquidity_check" time="0.061" /><testcase classname="backend.tests.test_sandbox_order_lifecycle.TestOrderPreview" name="test_preview_contains_account_state" time="0.017" /><testcase classname="backend.tests.test_sandbox_order_lifecycle.TestOrderPreview" name="test_preview_contains_risk_analysis" time="0.060" /><testcase classname="backend.tests.test_sandbox_order_lifecycle.TestOrderSubmit" name="test_submit_order_with_idempotency_key" time="0.061" /><testcase classname="backend.tests.test_sandbox_order_lifecycle.TestOrderSubmit" name="test_duplicate_idempotency_key_returns_original" time="0.070" /><testcase classname="backend.tests.test_sandbox_order_lifecycle.TestOrderSubmit" name="test_submit_without_idempotency_key_fails" time="0.064" /><testcase classname="backend.tests.test_sandbox_order_lifecycle.TestOrderSubmit" name="test_submit_order_has_correct_state_tracking" time="0.022" /><testcase classname="backend.tests.test_sandbox_order_lifecycle.TestOrderSubmit" name="test_submit_order_records_capital_mode" time="0.064" /><testcase classname="backend.tests.test_sandbox_order_lifecycle.TestOrdersList" name="test_get_orders_returns_200" time="0.058" /><testcase classname="backend.tests.test_sandbox_order_lifecycle.TestOrdersList" name="test_get_orders_list_structure" time="0.019" /><testcase classname="backend.tests.test_sandbox_order_lifecycle.TestOrdersList" name="test_get_orders_limit" time="0.018" /><testcase classname="backend.tests.test_sandbox_order_lifecycle.TestOrdersList" name="test_get_working_orders_only" time="0.060" /><testcase classname="backend.tests.test_sandbox_order_lifecycle.TestOrdersList" name="test_orders_have_7_state_lifecycle" time="0.019" /><testcase classname="backend.tests.test_sandbox_order_lifecycle.TestOrderById" name="test_get_order_by_id" time="0.032" /><testcase classname="backend.tests.test_sandbox_order_lifecycle.TestOrderById" name="test_get_order_not_found" time="0.057" /><testcase classname="backend.tests.test_sandbox_order_lifecycle.TestOrderById" name="test_order_has_all_tracking_fields" time="0.021"><skipped type="pytest.skip" message="Rate limit hit during test - rate limiting is working">/app/backend/tests/test_sandbox_order_lifecycle.py:557: Rate limit hit during test - rate limiting is working</skipped></testcase><testcase classname="backend.tests.test_sandbox_order_lifecycle.TestOrderCancel" name="test_cancel_working_order" time="0.060"><skipped type="pytest.skip" message="Rate limit hit during test - rate limiting is working">/app/backend/tests/test_sandbox_order_lifecycle.py:600: Rate limit hit during test - rate limiting is working</skipped></testcase><testcase classname="backend.tests.test_sandbox_order_lifecycle.TestOrderCancel" name="test_cancel_nonexistent_order" time="0.099" /><testcase classname="backend.tests.test_sandbox_order_lifecycle.TestReconciliation" name="test_reconciliation_status_returns_200" time="0.058" /><testcase classname="backend.tests.test_sandbox_order_lifecycle.TestReconciliation" name="test_reconciliation_status_fields" time="0.017" /><testcase classname="backend.tests.test_sandbox_order_lifecycle.TestReconciliation" name="test_force_reconciliation" time="0.061" /><testcase classname="backend.tests.test_sandbox_order_lifecycle.TestRateLimiting" name="test_orders_per_hour_tracked" time="0.056" /><testcase classname="backend.tests.test_sandbox_order_lifecycle.TestOrderStateMachine" name="test_order_starts_submitted_or_acknowledged" time="0.017"><skipped type="pytest.skip" message="Rate limit hit during test - rate limiting is working">/app/backend/tests/test_sandbox_order_lifecycle.py:700: Rate limit hit during test - rate limiting is working</skipped></testcase><testcase classname="backend.tests.test_sandbox_order_lifecycle.TestOrderStateMachine" name="test_filled_order_is_terminal" time="0.059" /><testcase classname="backend.tests.test_sandbox_order_lifecycle.TestOrderStateMachine" name="test_rejected_order_is_terminal" time="0.020" /><testcase classname="backend.tests.test_sandbox_order_lifecycle.TestLiquidityCheck" name="test_order_pct_of_book_calculated" time="0.060" /><testcase classname="backend.tests.test_sandbox_order_lifecycle.TestLiquidityCheck" name="test_large_order_liquidity_blocked" time="0.018" /><testcase classname="backend.tests.test_sandbox_order_lifecycle.TestIntegrationFlow" name="test_full_order_flow" time="0.059"><skipped type="pytest.skip" message="Rate limit hit during test - rate limiting is working">/app/backend/tests/test_sandbox_order_lifecycle.py:785: Rate limit hit during test - rate limiting is working</skipped></testcase></testsuite></testsuites>