<?xml version="1.0" encoding="utf-8"?><testsuites name="pytest tests"><testsuite name="pytest" errors="0" failures="0" skipped="0" tests="16" time="2.862" timestamp="2026-02-16T11:30:03.237103+00:00" hostname="agent-env-e6ab996d-2f9b-4776-a43a-76019f061a86"><testcase classname="backend.tests.test_trading_features.TestGamesAPI" name="test_games_endpoint_returns_200" time="0.156" /><testcase classname="backend.tests.test_trading_features.TestGamesAPI" name="test_games_response_structure" time="0.204" /><testcase classname="backend.tests.test_trading_features.TestGamesAPI" name="test_games_status_filter" time="0.167" /><testcase classname="backend.tests.test_trading_features.TestTradesAPI" name="test_trades_endpoint_returns_200" time="0.102" /><testcase classname="backend.tests.test_trading_features.TestTradesAPI" name="test_trades_response_structure" time="0.166" /><testcase classname="backend.tests.test_trading_features.TestOrdersAPI" name="test_orders_endpoint_returns_200" time="0.169" /><testcase classname="backend.tests.test_trading_features.TestOrdersAPI" name="test_orders_response_structure" time="0.130" /><testcase classname="backend.tests.test_trading_features.TestKalshiCategoriesAPI" name="test_categories_endpoint_returns_200" time="0.114" /><testcase classname="backend.tests.test_trading_features.TestKalshiCategoriesAPI" name="test_categories_has_basketball" time="0.115" /><testcase classname="backend.tests.test_trading_features.TestKalshiMarketsAPI" name="test_markets_endpoint_returns_200" time="0.131" /><testcase classname="backend.tests.test_trading_features.TestKalshiMarketsAPI" name="test_markets_response_structure" time="0.138" /><testcase classname="backend.tests.test_trading_features.TestStrategiesSummaryAPI" name="test_strategies_summary_returns_200" time="0.094" /><testcase classname="backend.tests.test_trading_features.TestStrategiesSummaryAPI" name="test_strategies_summary_structure" time="0.113" /><testcase classname="backend.tests.test_trading_features.TestAutonomousEndpoints" name="test_autonomous_enable_endpoint" time="0.679" /><testcase classname="backend.tests.test_trading_features.TestAutonomousEndpoints" name="test_autonomous_disable_endpoint" time="0.207" /><testcase classname="backend.tests.test_trading_features.TestAutonomousEndpoints" name="test_autonomous_metrics_endpoint" time="0.113" /></testsuite></testsuites>